[INFO] Scanning for projects...
[INFO] 
[INFO] --------------------------< com.example:demo >--------------------------
[INFO] Building  0.0.1-SNAPSHOT
[INFO]   from pom.xml
[INFO] --------------------------------[ jar ]---------------------------------
[INFO] 
[INFO] >>> spring-boot:4.0.4:run (default-cli) > test-compile @ demo >>>
[INFO] 
[INFO] --- resources:3.3.1:resources (default-resources) @ demo ---
[INFO] Copying 1 resource from src\main\resources to target\classes
[INFO] Copying 0 resource from src\main\resources to target\classes
[INFO] 
[INFO] --- compiler:3.14.1:compile (default-compile) @ demo ---
[INFO] Nothing to compile - all classes are up to date.
[INFO] 
[INFO] --- resources:3.3.1:testResources (default-testResources) @ demo ---
[INFO] skip non existing resourceDirectory D:\Archius DAM\PROJECTE DAM2\PracticaDDUnity\Server\src\test\resources
[INFO] 
[INFO] --- compiler:3.14.1:testCompile (default-testCompile) @ demo ---
[INFO] Nothing to compile - all classes are up to date.
[INFO] 
[INFO] <<< spring-boot:4.0.4:run (default-cli) < test-compile @ demo <<<
[INFO] 
[INFO] 
[INFO] --- spring-boot:4.0.4:run (default-cli) @ demo ---
[INFO] Attaching agents: []

  .   ____          _            __ _ _
 /\\ / ___'_ __ _ _(_)_ __  __ _ \ \ \ \
( ( )\___ | '_ | '_| | '_ \/ _` | \ \ \ \
 \\/  ___)| |_)| | | | | || (_| |  ) ) ) )
  '  |____| .__|_| |_|_| |_\__, | / / / /
 =========|_|==============|___/=/_/_/_/

 :: Spring Boot ::                (v4.0.4)

2026-05-22T18:15:23.672+02:00  INFO 14800 --- [demo] [           main] com.example.demo.DemoApplication         : Starting DemoApplication using Java 21.0.1 with PID 14800 (D:\Archius DAM\PROJECTE DAM2\PracticaDDUnity\Server\target\classes started by metae in D:\Archius DAM\PROJECTE DAM2\PracticaDDUnity\Server)
2026-05-22T18:15:23.678+02:00  INFO 14800 --- [demo] [           main] com.example.demo.DemoApplication         : No active profile set, falling back to 1 default profile: "default"
2026-05-22T18:15:24.338+02:00  INFO 14800 --- [demo] [           main] .s.d.r.c.RepositoryConfigurationDelegate : Bootstrapping Spring Data JPA repositories in DEFAULT mode.
2026-05-22T18:15:24.430+02:00  INFO 14800 --- [demo] [           main] .s.d.r.c.RepositoryConfigurationDelegate : Finished Spring Data repository scanning in 82 ms. Found 5 JPA repository interfaces.
2026-05-22T18:15:24.915+02:00  INFO 14800 --- [demo] [           main] o.s.boot.tomcat.TomcatWebServer          : Tomcat initialized with port 8080 (http)
2026-05-22T18:15:24.930+02:00  INFO 14800 --- [demo] [           main] o.apache.catalina.core.StandardService   : Starting service [Tomcat]
2026-05-22T18:15:24.931+02:00  INFO 14800 --- [demo] [           main] o.apache.catalina.core.StandardEngine    : Starting Servlet engine: [Apache Tomcat/11.0.18]
2026-05-22T18:15:25.000+02:00  INFO 14800 --- [demo] [           main] b.w.c.s.WebApplicationContextInitializer : Root WebApplicationContext: initialization completed in 1268 ms
2026-05-22T18:15:25.755+02:00  INFO 14800 --- [demo] [           main] o.s.o.j.p.SpringPersistenceUnitInfo      : No LoadTimeWeaver setup: ignoring JPA class transformer
2026-05-22T18:15:25.786+02:00  INFO 14800 --- [demo] [           main] com.zaxxer.hikari.HikariDataSource       : HikariPool-1 - Starting...
2026-05-22T18:15:25.970+02:00  INFO 14800 --- [demo] [           main] com.zaxxer.hikari.pool.HikariPool        : HikariPool-1 - Added connection com.mysql.cj.jdbc.ConnectionImpl@62ab5e63
2026-05-22T18:15:25.971+02:00  INFO 14800 --- [demo] [           main] com.zaxxer.hikari.HikariDataSource       : HikariPool-1 - Start completed.
2026-05-22T18:15:27.179+02:00  INFO 14800 --- [demo] [           main] j.LocalContainerEntityManagerFactoryBean : Initialized JPA EntityManagerFactory for persistence unit 'default'
2026-05-22T18:15:27.253+02:00  INFO 14800 --- [demo] [           main] o.s.d.j.r.query.QueryEnhancerFactories   : Hibernate is in classpath; If applicable, HQL parser will be used.
2026-05-22T18:15:28.154+02:00  WARN 14800 --- [demo] [           main] JpaBaseConfiguration$JpaWebConfiguration : spring.jpa.open-in-view is enabled by default. Therefore, database queries may be performed during view rendering. Explicitly configure spring.jpa.open-in-view to disable this warning
2026-05-22T18:15:28.476+02:00  INFO 14800 --- [demo] [           main] o.s.boot.tomcat.TomcatWebServer          : Tomcat started on port 8080 (http) with context path '/'
2026-05-22T18:15:28.483+02:00  INFO 14800 --- [demo] [           main] com.example.demo.DemoApplication         : Started DemoApplication in 5.344 seconds (process running for 5.863)
2026-05-22T18:15:46.255+02:00  INFO 14800 --- [demo] [nio-8080-exec-1] o.a.c.c.C.[Tomcat].[localhost].[/]       : Initializing Spring DispatcherServlet 'dispatcherServlet'
2026-05-22T18:15:46.256+02:00  INFO 14800 --- [demo] [nio-8080-exec-1] o.s.web.servlet.DispatcherServlet        : Initializing Servlet 'dispatcherServlet'
2026-05-22T18:15:46.257+02:00  INFO 14800 --- [demo] [nio-8080-exec-1] o.s.web.servlet.DispatcherServlet        : Completed initialization in 1 ms
new connection stablished 9a31fa60-9020-f30f-3c0c-62e6a668b4ad
Jugador connectat: 9a31fa60-9020-f30f-3c0c-62e6a668b4ad
Jugadors esperant: 1
new connection stablished 446c03d8-b2ac-bad5-c17d-7c8fc00e5973
Jugador connectat: 446c03d8-b2ac-bad5-c17d-7c8fc00e5973
Jugadors esperant: 2
new connection stablished 751c61dc-6d6a-1096-3a9d-d2563ed6a72f
Jugador connectat: 751c61dc-6d6a-1096-3a9d-d2563ed6a72f
Jugadors esperant: 3
Starting the game instance.
2026-05-22T18:16:03.656+02:00 DEBUG 14800 --- [demo] [nio-8080-exec-3] org.hibernate.SQL                        : 
    select
        bp1_0.entity_id,
        bp1_1.accuracy_multiplier,
        bp1_1.attack,
        bp1_1.crit_chance,
        bp1_1.crit_damage,
        bp1_1.defense,
        bp1_1.description,
        bp1_1.energy,
        bp1_1.energy_max,
        bp1_1.hp,
        bp1_1.hp_max,
        bp1_1.image_full,
        bp1_1.image_thumb,
        bp1_1.level,
        bp1_1.name,
        bp1_1.speed,
        bp1_0.skill_points,
        bp1_0.xp_points 
    from
        Player bp1_0 
    join
        Entity bp1_1 
            on bp1_0.entity_id=bp1_1.id
Hibernate: 
    select
        bp1_0.entity_id,
        bp1_1.accuracy_multiplier,
        bp1_1.attack,
        bp1_1.crit_chance,
        bp1_1.crit_damage,
        bp1_1.defense,
        bp1_1.description,
        bp1_1.energy,
        bp1_1.energy_max,
        bp1_1.hp,
        bp1_1.hp_max,
        bp1_1.image_full,
        bp1_1.image_thumb,
        bp1_1.level,
        bp1_1.name,
        bp1_1.speed,
        bp1_0.skill_points,
        bp1_0.xp_points 
    from
        Player bp1_0 
    join
        Entity bp1_1 
            on bp1_0.entity_id=bp1_1.id
2026-05-22T18:16:03.971+02:00 DEBUG 14800 --- [demo] [nio-8080-exec-3] org.hibernate.SQL                        : 
    select
        s1_0.entity_id,
        s1_1.id,
        s1_1.accuracy,
        s1_1.description,
        s1_1.energy_cost,
        s1_1.hits,
        s1_1.image_thumb,
        s1_1.is_aoe,
        s1_1.is_passive,
        s1_1.name,
        s1_1.target_type 
    from
        EntitySkill s1_0 
    join
        Skill s1_1 
            on s1_1.id=s1_0.skill_id 
    where
        s1_0.entity_id=?
Hibernate: 
    select
        s1_0.entity_id,
        s1_1.id,
        s1_1.accuracy,
        s1_1.description,
        s1_1.energy_cost,
        s1_1.hits,
        s1_1.image_thumb,
        s1_1.is_aoe,
        s1_1.is_passive,
        s1_1.name,
        s1_1.target_type 
    from
        EntitySkill s1_0 
    join
        Skill s1_1 
            on s1_1.id=s1_0.skill_id 
    where
        s1_0.entity_id=?
2026-05-22T18:16:04.027+02:00 DEBUG 14800 --- [demo] [nio-8080-exec-3] org.hibernate.SQL                        : 
    select
        e1_0.skill_id,
        e1_1.id,
        e1_1.duration_turns,
        e1_1.effect_level,
        e1_1.max_flat_power,
        e1_1.min_flat_power,
        e1_1.probability,
        e1_1.stat_multiplier,
        s1_0.id,
        s1_0.name,
        s2_0.id,
        s2_0.description,
        s2_0.max_level,
        s2_0.name,
        s2_0.scaling_formula 
    from
        SkillEffect e1_0 
    join
        Effect e1_1 
            on e1_1.id=e1_0.effect_id 
    left join
        Statistic s1_0 
            on s1_0.id=e1_1.stat_id 
    left join
        Status s2_0 
            on s2_0.id=e1_1.status_id 
    where
        e1_0.skill_id=?
Hibernate: 
    select
        e1_0.skill_id,
        e1_1.id,
        e1_1.duration_turns,
        e1_1.effect_level,
        e1_1.max_flat_power,
        e1_1.min_flat_power,
        e1_1.probability,
        e1_1.stat_multiplier,
        s1_0.id,
        s1_0.name,
        s2_0.id,
        s2_0.description,
        s2_0.max_level,
        s2_0.name,
        s2_0.scaling_formula 
    from
        SkillEffect e1_0 
    join
        Effect e1_1 
            on e1_1.id=e1_0.effect_id 
    left join
        Statistic s1_0 
            on s1_0.id=e1_1.stat_id 
    left join
        Status s2_0 
            on s2_0.id=e1_1.status_id 
    where
        e1_0.skill_id=?
2026-05-22T18:16:04.070+02:00 DEBUG 14800 --- [demo] [nio-8080-exec-3] org.hibernate.SQL                        : 
    select
        e1_0.skill_id,
        e1_1.id,
        e1_1.duration_turns,
        e1_1.effect_level,
        e1_1.max_flat_power,
        e1_1.min_flat_power,
        e1_1.probability,
        e1_1.stat_multiplier,
        s1_0.id,
        s1_0.name,
        s2_0.id,
        s2_0.description,
        s2_0.max_level,
        s2_0.name,
        s2_0.scaling_formula 
    from
        SkillEffect e1_0 
    join
        Effect e1_1 
            on e1_1.id=e1_0.effect_id 
    left join
        Statistic s1_0 
            on s1_0.id=e1_1.stat_id 
    left join
        Status s2_0 
            on s2_0.id=e1_1.status_id 
    where
        e1_0.skill_id=?
Hibernate: 
    select
        e1_0.skill_id,
        e1_1.id,
        e1_1.duration_turns,
        e1_1.effect_level,
        e1_1.max_flat_power,
        e1_1.min_flat_power,
        e1_1.probability,
        e1_1.stat_multiplier,
        s1_0.id,
        s1_0.name,
        s2_0.id,
        s2_0.description,
        s2_0.max_level,
        s2_0.name,
        s2_0.scaling_formula 
    from
        SkillEffect e1_0 
    join
        Effect e1_1 
            on e1_1.id=e1_0.effect_id 
    left join
        Statistic s1_0 
            on s1_0.id=e1_1.stat_id 
    left join
        Status s2_0 
            on s2_0.id=e1_1.status_id 
    where
        e1_0.skill_id=?
2026-05-22T18:16:04.074+02:00 DEBUG 14800 --- [demo] [nio-8080-exec-3] org.hibernate.SQL                        : 
    select
        e1_0.skill_id,
        e1_1.id,
        e1_1.duration_turns,
        e1_1.effect_level,
        e1_1.max_flat_power,
        e1_1.min_flat_power,
        e1_1.probability,
        e1_1.stat_multiplier,
        s1_0.id,
        s1_0.name,
        s2_0.id,
        s2_0.description,
        s2_0.max_level,
        s2_0.name,
        s2_0.scaling_formula 
    from
        SkillEffect e1_0 
    join
        Effect e1_1 
            on e1_1.id=e1_0.effect_id 
    left join
        Statistic s1_0 
            on s1_0.id=e1_1.stat_id 
    left join
        Status s2_0 
            on s2_0.id=e1_1.status_id 
    where
        e1_0.skill_id=?
Hibernate: 
    select
        e1_0.skill_id,
        e1_1.id,
        e1_1.duration_turns,
        e1_1.effect_level,
        e1_1.max_flat_power,
        e1_1.min_flat_power,
        e1_1.probability,
        e1_1.stat_multiplier,
        s1_0.id,
        s1_0.name,
        s2_0.id,
        s2_0.description,
        s2_0.max_level,
        s2_0.name,
        s2_0.scaling_formula 
    from
        SkillEffect e1_0 
    join
        Effect e1_1 
            on e1_1.id=e1_0.effect_id 
    left join
        Statistic s1_0 
            on s1_0.id=e1_1.stat_id 
    left join
        Status s2_0 
            on s2_0.id=e1_1.status_id 
    where
        e1_0.skill_id=?
2026-05-22T18:16:04.078+02:00 DEBUG 14800 --- [demo] [nio-8080-exec-3] org.hibernate.SQL                        : 
    select
        s1_0.entity_id,
        s1_1.id,
        s1_1.accuracy,
        s1_1.description,
        s1_1.energy_cost,
        s1_1.hits,
        s1_1.image_thumb,
        s1_1.is_aoe,
        s1_1.is_passive,
        s1_1.name,
        s1_1.target_type 
    from
        EntitySkill s1_0 
    join
        Skill s1_1 
            on s1_1.id=s1_0.skill_id 
    where
        s1_0.entity_id=?
Hibernate: 
    select
        s1_0.entity_id,
        s1_1.id,
        s1_1.accuracy,
        s1_1.description,
        s1_1.energy_cost,
        s1_1.hits,
        s1_1.image_thumb,
        s1_1.is_aoe,
        s1_1.is_passive,
        s1_1.name,
        s1_1.target_type 
    from
        EntitySkill s1_0 
    join
        Skill s1_1 
            on s1_1.id=s1_0.skill_id 
    where
        s1_0.entity_id=?
2026-05-22T18:16:04.085+02:00 DEBUG 14800 --- [demo] [nio-8080-exec-3] org.hibernate.SQL                        : 
    select
        e1_0.skill_id,
        e1_1.id,
        e1_1.duration_turns,
        e1_1.effect_level,
        e1_1.max_flat_power,
        e1_1.min_flat_power,
        e1_1.probability,
        e1_1.stat_multiplier,
        s1_0.id,
        s1_0.name,
        s2_0.id,
        s2_0.description,
        s2_0.max_level,
        s2_0.name,
        s2_0.scaling_formula 
    from
        SkillEffect e1_0 
    join
        Effect e1_1 
            on e1_1.id=e1_0.effect_id 
    left join
        Statistic s1_0 
            on s1_0.id=e1_1.stat_id 
    left join
        Status s2_0 
            on s2_0.id=e1_1.status_id 
    where
        e1_0.skill_id=?
Hibernate: 
    select
        e1_0.skill_id,
        e1_1.id,
        e1_1.duration_turns,
        e1_1.effect_level,
        e1_1.max_flat_power,
        e1_1.min_flat_power,
        e1_1.probability,
        e1_1.stat_multiplier,
        s1_0.id,
        s1_0.name,
        s2_0.id,
        s2_0.description,
        s2_0.max_level,
        s2_0.name,
        s2_0.scaling_formula 
    from
        SkillEffect e1_0 
    join
        Effect e1_1 
            on e1_1.id=e1_0.effect_id 
    left join
        Statistic s1_0 
            on s1_0.id=e1_1.stat_id 
    left join
        Status s2_0 
            on s2_0.id=e1_1.status_id 
    where
        e1_0.skill_id=?
2026-05-22T18:16:04.089+02:00 DEBUG 14800 --- [demo] [nio-8080-exec-3] org.hibernate.SQL                        : 
    select
        e1_0.skill_id,
        e1_1.id,
        e1_1.duration_turns,
        e1_1.effect_level,
        e1_1.max_flat_power,
        e1_1.min_flat_power,
        e1_1.probability,
        e1_1.stat_multiplier,
        s1_0.id,
        s1_0.name,
        s2_0.id,
        s2_0.description,
        s2_0.max_level,
        s2_0.name,
        s2_0.scaling_formula 
    from
        SkillEffect e1_0 
    join
        Effect e1_1 
            on e1_1.id=e1_0.effect_id 
    left join
        Statistic s1_0 
            on s1_0.id=e1_1.stat_id 
    left join
        Status s2_0 
            on s2_0.id=e1_1.status_id 
    where
        e1_0.skill_id=?
Hibernate: 
    select
        e1_0.skill_id,
        e1_1.id,
        e1_1.duration_turns,
        e1_1.effect_level,
        e1_1.max_flat_power,
        e1_1.min_flat_power,
        e1_1.probability,
        e1_1.stat_multiplier,
        s1_0.id,
        s1_0.name,
        s2_0.id,
        s2_0.description,
        s2_0.max_level,
        s2_0.name,
        s2_0.scaling_formula 
    from
        SkillEffect e1_0 
    join
        Effect e1_1 
            on e1_1.id=e1_0.effect_id 
    left join
        Statistic s1_0 
            on s1_0.id=e1_1.stat_id 
    left join
        Status s2_0 
            on s2_0.id=e1_1.status_id 
    where
        e1_0.skill_id=?
2026-05-22T18:16:04.096+02:00 DEBUG 14800 --- [demo] [nio-8080-exec-3] org.hibernate.SQL                        : 
    select
        e1_0.skill_id,
        e1_1.id,
        e1_1.duration_turns,
        e1_1.effect_level,
        e1_1.max_flat_power,
        e1_1.min_flat_power,
        e1_1.probability,
        e1_1.stat_multiplier,
        s1_0.id,
        s1_0.name,
        s2_0.id,
        s2_0.description,
        s2_0.max_level,
        s2_0.name,
        s2_0.scaling_formula 
    from
        SkillEffect e1_0 
    join
        Effect e1_1 
            on e1_1.id=e1_0.effect_id 
    left join
        Statistic s1_0 
            on s1_0.id=e1_1.stat_id 
    left join
        Status s2_0 
            on s2_0.id=e1_1.status_id 
    where
        e1_0.skill_id=?
Hibernate: 
    select
        e1_0.skill_id,
        e1_1.id,
        e1_1.duration_turns,
        e1_1.effect_level,
        e1_1.max_flat_power,
        e1_1.min_flat_power,
        e1_1.probability,
        e1_1.stat_multiplier,
        s1_0.id,
        s1_0.name,
        s2_0.id,
        s2_0.description,
        s2_0.max_level,
        s2_0.name,
        s2_0.scaling_formula 
    from
        SkillEffect e1_0 
    join
        Effect e1_1 
            on e1_1.id=e1_0.effect_id 
    left join
        Statistic s1_0 
            on s1_0.id=e1_1.stat_id 
    left join
        Status s2_0 
            on s2_0.id=e1_1.status_id 
    where
        e1_0.skill_id=?
2026-05-22T18:16:04.100+02:00 DEBUG 14800 --- [demo] [nio-8080-exec-3] org.hibernate.SQL                        : 
    select
        s1_0.entity_id,
        s1_1.id,
        s1_1.accuracy,
        s1_1.description,
        s1_1.energy_cost,
        s1_1.hits,
        s1_1.image_thumb,
        s1_1.is_aoe,
        s1_1.is_passive,
        s1_1.name,
        s1_1.target_type 
    from
        EntitySkill s1_0 
    join
        Skill s1_1 
            on s1_1.id=s1_0.skill_id 
    where
        s1_0.entity_id=?
Hibernate: 
    select
        s1_0.entity_id,
        s1_1.id,
        s1_1.accuracy,
        s1_1.description,
        s1_1.energy_cost,
        s1_1.hits,
        s1_1.image_thumb,
        s1_1.is_aoe,
        s1_1.is_passive,
        s1_1.name,
        s1_1.target_type 
    from
        EntitySkill s1_0 
    join
        Skill s1_1 
            on s1_1.id=s1_0.skill_id 
    where
        s1_0.entity_id=?
2026-05-22T18:16:04.104+02:00 DEBUG 14800 --- [demo] [nio-8080-exec-3] org.hibernate.SQL                        : 
    select
        e1_0.skill_id,
        e1_1.id,
        e1_1.duration_turns,
        e1_1.effect_level,
        e1_1.max_flat_power,
        e1_1.min_flat_power,
        e1_1.probability,
        e1_1.stat_multiplier,
        s1_0.id,
        s1_0.name,
        s2_0.id,
        s2_0.description,
        s2_0.max_level,
        s2_0.name,
        s2_0.scaling_formula 
    from
        SkillEffect e1_0 
    join
        Effect e1_1 
            on e1_1.id=e1_0.effect_id 
    left join
        Statistic s1_0 
            on s1_0.id=e1_1.stat_id 
    left join
        Status s2_0 
            on s2_0.id=e1_1.status_id 
    where
        e1_0.skill_id=?
Hibernate: 
    select
        e1_0.skill_id,
        e1_1.id,
        e1_1.duration_turns,
        e1_1.effect_level,
        e1_1.max_flat_power,
        e1_1.min_flat_power,
        e1_1.probability,
        e1_1.stat_multiplier,
        s1_0.id,
        s1_0.name,
        s2_0.id,
        s2_0.description,
        s2_0.max_level,
        s2_0.name,
        s2_0.scaling_formula 
    from
        SkillEffect e1_0 
    join
        Effect e1_1 
            on e1_1.id=e1_0.effect_id 
    left join
        Statistic s1_0 
            on s1_0.id=e1_1.stat_id 
    left join
        Status s2_0 
            on s2_0.id=e1_1.status_id 
    where
        e1_0.skill_id=?
2026-05-22T18:16:04.108+02:00 DEBUG 14800 --- [demo] [nio-8080-exec-3] org.hibernate.SQL                        : 
    select
        e1_0.skill_id,
        e1_1.id,
        e1_1.duration_turns,
        e1_1.effect_level,
        e1_1.max_flat_power,
        e1_1.min_flat_power,
        e1_1.probability,
        e1_1.stat_multiplier,
        s1_0.id,
        s1_0.name,
        s2_0.id,
        s2_0.description,
        s2_0.max_level,
        s2_0.name,
        s2_0.scaling_formula 
    from
        SkillEffect e1_0 
    join
        Effect e1_1 
            on e1_1.id=e1_0.effect_id 
    left join
        Statistic s1_0 
            on s1_0.id=e1_1.stat_id 
    left join
        Status s2_0 
            on s2_0.id=e1_1.status_id 
    where
        e1_0.skill_id=?
Hibernate: 
    select
        e1_0.skill_id,
        e1_1.id,
        e1_1.duration_turns,
        e1_1.effect_level,
        e1_1.max_flat_power,
        e1_1.min_flat_power,
        e1_1.probability,
        e1_1.stat_multiplier,
        s1_0.id,
        s1_0.name,
        s2_0.id,
        s2_0.description,
        s2_0.max_level,
        s2_0.name,
        s2_0.scaling_formula 
    from
        SkillEffect e1_0 
    join
        Effect e1_1 
            on e1_1.id=e1_0.effect_id 
    left join
        Statistic s1_0 
            on s1_0.id=e1_1.stat_id 
    left join
        Status s2_0 
            on s2_0.id=e1_1.status_id 
    where
        e1_0.skill_id=?
2026-05-22T18:16:04.111+02:00 DEBUG 14800 --- [demo] [nio-8080-exec-3] org.hibernate.SQL                        : 
    select
        e1_0.skill_id,
        e1_1.id,
        e1_1.duration_turns,
        e1_1.effect_level,
        e1_1.max_flat_power,
        e1_1.min_flat_power,
        e1_1.probability,
        e1_1.stat_multiplier,
        s1_0.id,
        s1_0.name,
        s2_0.id,
        s2_0.description,
        s2_0.max_level,
        s2_0.name,
        s2_0.scaling_formula 
    from
        SkillEffect e1_0 
    join
        Effect e1_1 
            on e1_1.id=e1_0.effect_id 
    left join
        Statistic s1_0 
            on s1_0.id=e1_1.stat_id 
    left join
        Status s2_0 
            on s2_0.id=e1_1.status_id 
    where
        e1_0.skill_id=?
Hibernate: 
    select
        e1_0.skill_id,
        e1_1.id,
        e1_1.duration_turns,
        e1_1.effect_level,
        e1_1.max_flat_power,
        e1_1.min_flat_power,
        e1_1.probability,
        e1_1.stat_multiplier,
        s1_0.id,
        s1_0.name,
        s2_0.id,
        s2_0.description,
        s2_0.max_level,
        s2_0.name,
        s2_0.scaling_formula 
    from
        SkillEffect e1_0 
    join
        Effect e1_1 
            on e1_1.id=e1_0.effect_id 
    left join
        Statistic s1_0 
            on s1_0.id=e1_1.stat_id 
    left join
        Status s2_0 
            on s2_0.id=e1_1.status_id 
    where
        e1_0.skill_id=?
2026-05-22T18:16:04.115+02:00 DEBUG 14800 --- [demo] [nio-8080-exec-3] org.hibernate.SQL                        : 
    select
        e1_0.skill_id,
        e1_1.id,
        e1_1.duration_turns,
        e1_1.effect_level,
        e1_1.max_flat_power,
        e1_1.min_flat_power,
        e1_1.probability,
        e1_1.stat_multiplier,
        s1_0.id,
        s1_0.name,
        s2_0.id,
        s2_0.description,
        s2_0.max_level,
        s2_0.name,
        s2_0.scaling_formula 
    from
        SkillEffect e1_0 
    join
        Effect e1_1 
            on e1_1.id=e1_0.effect_id 
    left join
        Statistic s1_0 
            on s1_0.id=e1_1.stat_id 
    left join
        Status s2_0 
            on s2_0.id=e1_1.status_id 
    where
        e1_0.skill_id=?
Hibernate: 
    select
        e1_0.skill_id,
        e1_1.id,
        e1_1.duration_turns,
        e1_1.effect_level,
        e1_1.max_flat_power,
        e1_1.min_flat_power,
        e1_1.probability,
        e1_1.stat_multiplier,
        s1_0.id,
        s1_0.name,
        s2_0.id,
        s2_0.description,
        s2_0.max_level,
        s2_0.name,
        s2_0.scaling_formula 
    from
        SkillEffect e1_0 
    join
        Effect e1_1 
            on e1_1.id=e1_0.effect_id 
    left join
        Statistic s1_0 
            on s1_0.id=e1_1.stat_id 
    left join
        Status s2_0 
            on s2_0.id=e1_1.status_id 
    where
        e1_0.skill_id=?
2026-05-22T18:16:04.120+02:00 DEBUG 14800 --- [demo] [nio-8080-exec-3] org.hibernate.SQL                        : 
    select
        s1_0.entity_id,
        s1_1.id,
        s1_1.accuracy,
        s1_1.description,
        s1_1.energy_cost,
        s1_1.hits,
        s1_1.image_thumb,
        s1_1.is_aoe,
        s1_1.is_passive,
        s1_1.name,
        s1_1.target_type 
    from
        EntitySkill s1_0 
    join
        Skill s1_1 
            on s1_1.id=s1_0.skill_id 
    where
        s1_0.entity_id=?
Hibernate: 
    select
        s1_0.entity_id,
        s1_1.id,
        s1_1.accuracy,
        s1_1.description,
        s1_1.energy_cost,
        s1_1.hits,
        s1_1.image_thumb,
        s1_1.is_aoe,
        s1_1.is_passive,
        s1_1.name,
        s1_1.target_type 
    from
        EntitySkill s1_0 
    join
        Skill s1_1 
            on s1_1.id=s1_0.skill_id 
    where
        s1_0.entity_id=?
2026-05-22T18:16:04.127+02:00 DEBUG 14800 --- [demo] [nio-8080-exec-3] org.hibernate.SQL                        : 
    select
        e1_0.skill_id,
        e1_1.id,
        e1_1.duration_turns,
        e1_1.effect_level,
        e1_1.max_flat_power,
        e1_1.min_flat_power,
        e1_1.probability,
        e1_1.stat_multiplier,
        s1_0.id,
        s1_0.name,
        s2_0.id,
        s2_0.description,
        s2_0.max_level,
        s2_0.name,
        s2_0.scaling_formula 
    from
        SkillEffect e1_0 
    join
        Effect e1_1 
            on e1_1.id=e1_0.effect_id 
    left join
        Statistic s1_0 
            on s1_0.id=e1_1.stat_id 
    left join
        Status s2_0 
            on s2_0.id=e1_1.status_id 
    where
        e1_0.skill_id=?
Hibernate: 
    select
        e1_0.skill_id,
        e1_1.id,
        e1_1.duration_turns,
        e1_1.effect_level,
        e1_1.max_flat_power,
        e1_1.min_flat_power,
        e1_1.probability,
        e1_1.stat_multiplier,
        s1_0.id,
        s1_0.name,
        s2_0.id,
        s2_0.description,
        s2_0.max_level,
        s2_0.name,
        s2_0.scaling_formula 
    from
        SkillEffect e1_0 
    join
        Effect e1_1 
            on e1_1.id=e1_0.effect_id 
    left join
        Statistic s1_0 
            on s1_0.id=e1_1.stat_id 
    left join
        Status s2_0 
            on s2_0.id=e1_1.status_id 
    where
        e1_0.skill_id=?
2026-05-22T18:16:04.133+02:00 DEBUG 14800 --- [demo] [nio-8080-exec-3] org.hibernate.SQL                        : 
    select
        e1_0.skill_id,
        e1_1.id,
        e1_1.duration_turns,
        e1_1.effect_level,
        e1_1.max_flat_power,
        e1_1.min_flat_power,
        e1_1.probability,
        e1_1.stat_multiplier,
        s1_0.id,
        s1_0.name,
        s2_0.id,
        s2_0.description,
        s2_0.max_level,
        s2_0.name,
        s2_0.scaling_formula 
    from
        SkillEffect e1_0 
    join
        Effect e1_1 
            on e1_1.id=e1_0.effect_id 
    left join
        Statistic s1_0 
            on s1_0.id=e1_1.stat_id 
    left join
        Status s2_0 
            on s2_0.id=e1_1.status_id 
    where
        e1_0.skill_id=?
Hibernate: 
    select
        e1_0.skill_id,
        e1_1.id,
        e1_1.duration_turns,
        e1_1.effect_level,
        e1_1.max_flat_power,
        e1_1.min_flat_power,
        e1_1.probability,
        e1_1.stat_multiplier,
        s1_0.id,
        s1_0.name,
        s2_0.id,
        s2_0.description,
        s2_0.max_level,
        s2_0.name,
        s2_0.scaling_formula 
    from
        SkillEffect e1_0 
    join
        Effect e1_1 
            on e1_1.id=e1_0.effect_id 
    left join
        Statistic s1_0 
            on s1_0.id=e1_1.stat_id 
    left join
        Status s2_0 
            on s2_0.id=e1_1.status_id 
    where
        e1_0.skill_id=?
2026-05-22T18:16:04.136+02:00 DEBUG 14800 --- [demo] [nio-8080-exec-3] org.hibernate.SQL                        : 
    select
        e1_0.skill_id,
        e1_1.id,
        e1_1.duration_turns,
        e1_1.effect_level,
        e1_1.max_flat_power,
        e1_1.min_flat_power,
        e1_1.probability,
        e1_1.stat_multiplier,
        s1_0.id,
        s1_0.name,
        s2_0.id,
        s2_0.description,
        s2_0.max_level,
        s2_0.name,
        s2_0.scaling_formula 
    from
        SkillEffect e1_0 
    join
        Effect e1_1 
            on e1_1.id=e1_0.effect_id 
    left join
        Statistic s1_0 
            on s1_0.id=e1_1.stat_id 
    left join
        Status s2_0 
            on s2_0.id=e1_1.status_id 
    where
        e1_0.skill_id=?
Hibernate: 
    select
        e1_0.skill_id,
        e1_1.id,
        e1_1.duration_turns,
        e1_1.effect_level,
        e1_1.max_flat_power,
        e1_1.min_flat_power,
        e1_1.probability,
        e1_1.stat_multiplier,
        s1_0.id,
        s1_0.name,
        s2_0.id,
        s2_0.description,
        s2_0.max_level,
        s2_0.name,
        s2_0.scaling_formula 
    from
        SkillEffect e1_0 
    join
        Effect e1_1 
            on e1_1.id=e1_0.effect_id 
    left join
        Statistic s1_0 
            on s1_0.id=e1_1.stat_id 
    left join
        Status s2_0 
            on s2_0.id=e1_1.status_id 
    where
        e1_0.skill_id=?
2026-05-22T18:16:04.140+02:00 DEBUG 14800 --- [demo] [nio-8080-exec-3] org.hibernate.SQL                        : 
    select
        e1_0.skill_id,
        e1_1.id,
        e1_1.duration_turns,
        e1_1.effect_level,
        e1_1.max_flat_power,
        e1_1.min_flat_power,
        e1_1.probability,
        e1_1.stat_multiplier,
        s1_0.id,
        s1_0.name,
        s2_0.id,
        s2_0.description,
        s2_0.max_level,
        s2_0.name,
        s2_0.scaling_formula 
    from
        SkillEffect e1_0 
    join
        Effect e1_1 
            on e1_1.id=e1_0.effect_id 
    left join
        Statistic s1_0 
            on s1_0.id=e1_1.stat_id 
    left join
        Status s2_0 
            on s2_0.id=e1_1.status_id 
    where
        e1_0.skill_id=?
Hibernate: 
    select
        e1_0.skill_id,
        e1_1.id,
        e1_1.duration_turns,
        e1_1.effect_level,
        e1_1.max_flat_power,
        e1_1.min_flat_power,
        e1_1.probability,
        e1_1.stat_multiplier,
        s1_0.id,
        s1_0.name,
        s2_0.id,
        s2_0.description,
        s2_0.max_level,
        s2_0.name,
        s2_0.scaling_formula 
    from
        SkillEffect e1_0 
    join
        Effect e1_1 
            on e1_1.id=e1_0.effect_id 
    left join
        Statistic s1_0 
            on s1_0.id=e1_1.stat_id 
    left join
        Status s2_0 
            on s2_0.id=e1_1.status_id 
    where
        e1_0.skill_id=?
Nova partida creada: 2f0477dd-5932-4da5-b634-bb2a83ec6f1e
The thread has been started.
new connection stablished 3a9a4b08-e850-83a4-e793-bc05cd3791ad
Jugador connectat: 3a9a4b08-e850-83a4-e793-bc05cd3791ad
Jugadors esperant: 1
new connection stablished 0ddcff1c-7826-4d64-85b5-df65ee4a0436
Jugador connectat: 0ddcff1c-7826-4d64-85b5-df65ee4a0436
Jugadors esperant: 2
TICK:PICK_PLAYERS
MESSAGE: Pick character:5
Missatge erroni, el personatge amb id :5 no existeix.
TICK:PICK_PLAYERS
MESSAGE: Pick character:2
new connection stablished 462a02ff-fd20-e3a4-e6a2-0c2ffb7604a3
Jugador connectat: 462a02ff-fd20-e3a4-e6a2-0c2ffb7604a3
Jugadors esperant: 3
Starting the game instance.
2026-05-22T18:17:56.434+02:00 DEBUG 14800 --- [demo] [nio-8080-exec-9] org.hibernate.SQL                        : 
    select
        bp1_0.entity_id,
        bp1_1.accuracy_multiplier,
        bp1_1.attack,
        bp1_1.crit_chance,
        bp1_1.crit_damage,
        bp1_1.defense,
        bp1_1.description,
        bp1_1.energy,
        bp1_1.energy_max,
        bp1_1.hp,
        bp1_1.hp_max,
        bp1_1.image_full,
        bp1_1.image_thumb,
        bp1_1.level,
        bp1_1.name,
        bp1_1.speed,
        bp1_0.skill_points,
        bp1_0.xp_points 
    from
        Player bp1_0 
    join
        Entity bp1_1 
            on bp1_0.entity_id=bp1_1.id
Hibernate: 
    select
        bp1_0.entity_id,
        bp1_1.accuracy_multiplier,
        bp1_1.attack,
        bp1_1.crit_chance,
        bp1_1.crit_damage,
        bp1_1.defense,
        bp1_1.description,
        bp1_1.energy,
        bp1_1.energy_max,
        bp1_1.hp,
        bp1_1.hp_max,
        bp1_1.image_full,
        bp1_1.image_thumb,
        bp1_1.level,
        bp1_1.name,
        bp1_1.speed,
        bp1_0.skill_points,
        bp1_0.xp_points 
    from
        Player bp1_0 
    join
        Entity bp1_1 
            on bp1_0.entity_id=bp1_1.id
2026-05-22T18:17:56.438+02:00 DEBUG 14800 --- [demo] [nio-8080-exec-9] org.hibernate.SQL                        : 
    select
        s1_0.entity_id,
        s1_1.id,
        s1_1.accuracy,
        s1_1.description,
        s1_1.energy_cost,
        s1_1.hits,
        s1_1.image_thumb,
        s1_1.is_aoe,
        s1_1.is_passive,
        s1_1.name,
        s1_1.target_type 
    from
        EntitySkill s1_0 
    join
        Skill s1_1 
            on s1_1.id=s1_0.skill_id 
    where
        s1_0.entity_id=?
Hibernate: 
    select
        s1_0.entity_id,
        s1_1.id,
        s1_1.accuracy,
        s1_1.description,
        s1_1.energy_cost,
        s1_1.hits,
        s1_1.image_thumb,
        s1_1.is_aoe,
        s1_1.is_passive,
        s1_1.name,
        s1_1.target_type 
    from
        EntitySkill s1_0 
    join
        Skill s1_1 
            on s1_1.id=s1_0.skill_id 
    where
        s1_0.entity_id=?
2026-05-22T18:17:56.441+02:00 DEBUG 14800 --- [demo] [nio-8080-exec-9] org.hibernate.SQL                        : 
    select
        e1_0.skill_id,
        e1_1.id,
        e1_1.duration_turns,
        e1_1.effect_level,
        e1_1.max_flat_power,
        e1_1.min_flat_power,
        e1_1.probability,
        e1_1.stat_multiplier,
        s1_0.id,
        s1_0.name,
        s2_0.id,
        s2_0.description,
        s2_0.max_level,
        s2_0.name,
        s2_0.scaling_formula 
    from
        SkillEffect e1_0 
    join
        Effect e1_1 
            on e1_1.id=e1_0.effect_id 
    left join
        Statistic s1_0 
            on s1_0.id=e1_1.stat_id 
    left join
        Status s2_0 
            on s2_0.id=e1_1.status_id 
    where
        e1_0.skill_id=?
Hibernate: 
    select
        e1_0.skill_id,
        e1_1.id,
        e1_1.duration_turns,
        e1_1.effect_level,
        e1_1.max_flat_power,
        e1_1.min_flat_power,
        e1_1.probability,
        e1_1.stat_multiplier,
        s1_0.id,
        s1_0.name,
        s2_0.id,
        s2_0.description,
        s2_0.max_level,
        s2_0.name,
        s2_0.scaling_formula 
    from
        SkillEffect e1_0 
    join
        Effect e1_1 
            on e1_1.id=e1_0.effect_id 
    left join
        Statistic s1_0 
            on s1_0.id=e1_1.stat_id 
    left join
        Status s2_0 
            on s2_0.id=e1_1.status_id 
    where
        e1_0.skill_id=?
2026-05-22T18:17:56.444+02:00 DEBUG 14800 --- [demo] [nio-8080-exec-9] org.hibernate.SQL                        : 
    select
        e1_0.skill_id,
        e1_1.id,
        e1_1.duration_turns,
        e1_1.effect_level,
        e1_1.max_flat_power,
        e1_1.min_flat_power,
        e1_1.probability,
        e1_1.stat_multiplier,
        s1_0.id,
        s1_0.name,
        s2_0.id,
        s2_0.description,
        s2_0.max_level,
        s2_0.name,
        s2_0.scaling_formula 
    from
        SkillEffect e1_0 
    join
        Effect e1_1 
            on e1_1.id=e1_0.effect_id 
    left join
        Statistic s1_0 
            on s1_0.id=e1_1.stat_id 
    left join
        Status s2_0 
            on s2_0.id=e1_1.status_id 
    where
        e1_0.skill_id=?
Hibernate: 
    select
        e1_0.skill_id,
        e1_1.id,
        e1_1.duration_turns,
        e1_1.effect_level,
        e1_1.max_flat_power,
        e1_1.min_flat_power,
        e1_1.probability,
        e1_1.stat_multiplier,
        s1_0.id,
        s1_0.name,
        s2_0.id,
        s2_0.description,
        s2_0.max_level,
        s2_0.name,
        s2_0.scaling_formula 
    from
        SkillEffect e1_0 
    join
        Effect e1_1 
            on e1_1.id=e1_0.effect_id 
    left join
        Statistic s1_0 
            on s1_0.id=e1_1.stat_id 
    left join
        Status s2_0 
            on s2_0.id=e1_1.status_id 
    where
        e1_0.skill_id=?
2026-05-22T18:17:56.449+02:00 DEBUG 14800 --- [demo] [nio-8080-exec-9] org.hibernate.SQL                        : 
    select
        e1_0.skill_id,
        e1_1.id,
        e1_1.duration_turns,
        e1_1.effect_level,
        e1_1.max_flat_power,
        e1_1.min_flat_power,
        e1_1.probability,
        e1_1.stat_multiplier,
        s1_0.id,
        s1_0.name,
        s2_0.id,
        s2_0.description,
        s2_0.max_level,
        s2_0.name,
        s2_0.scaling_formula 
    from
        SkillEffect e1_0 
    join
        Effect e1_1 
            on e1_1.id=e1_0.effect_id 
    left join
        Statistic s1_0 
            on s1_0.id=e1_1.stat_id 
    left join
        Status s2_0 
            on s2_0.id=e1_1.status_id 
    where
        e1_0.skill_id=?
Hibernate: 
    select
        e1_0.skill_id,
        e1_1.id,
        e1_1.duration_turns,
        e1_1.effect_level,
        e1_1.max_flat_power,
        e1_1.min_flat_power,
        e1_1.probability,
        e1_1.stat_multiplier,
        s1_0.id,
        s1_0.name,
        s2_0.id,
        s2_0.description,
        s2_0.max_level,
        s2_0.name,
        s2_0.scaling_formula 
    from
        SkillEffect e1_0 
    join
        Effect e1_1 
            on e1_1.id=e1_0.effect_id 
    left join
        Statistic s1_0 
            on s1_0.id=e1_1.stat_id 
    left join
        Status s2_0 
            on s2_0.id=e1_1.status_id 
    where
        e1_0.skill_id=?
2026-05-22T18:17:56.452+02:00 DEBUG 14800 --- [demo] [nio-8080-exec-9] org.hibernate.SQL                        : 
    select
        s1_0.entity_id,
        s1_1.id,
        s1_1.accuracy,
        s1_1.description,
        s1_1.energy_cost,
        s1_1.hits,
        s1_1.image_thumb,
        s1_1.is_aoe,
        s1_1.is_passive,
        s1_1.name,
        s1_1.target_type 
    from
        EntitySkill s1_0 
    join
        Skill s1_1 
            on s1_1.id=s1_0.skill_id 
    where
        s1_0.entity_id=?
Hibernate: 
    select
        s1_0.entity_id,
        s1_1.id,
        s1_1.accuracy,
        s1_1.description,
        s1_1.energy_cost,
        s1_1.hits,
        s1_1.image_thumb,
        s1_1.is_aoe,
        s1_1.is_passive,
        s1_1.name,
        s1_1.target_type 
    from
        EntitySkill s1_0 
    join
        Skill s1_1 
            on s1_1.id=s1_0.skill_id 
    where
        s1_0.entity_id=?
2026-05-22T18:17:56.457+02:00 DEBUG 14800 --- [demo] [nio-8080-exec-9] org.hibernate.SQL                        : 
    select
        e1_0.skill_id,
        e1_1.id,
        e1_1.duration_turns,
        e1_1.effect_level,
        e1_1.max_flat_power,
        e1_1.min_flat_power,
        e1_1.probability,
        e1_1.stat_multiplier,
        s1_0.id,
        s1_0.name,
        s2_0.id,
        s2_0.description,
        s2_0.max_level,
        s2_0.name,
        s2_0.scaling_formula 
    from
        SkillEffect e1_0 
    join
        Effect e1_1 
            on e1_1.id=e1_0.effect_id 
    left join
        Statistic s1_0 
            on s1_0.id=e1_1.stat_id 
    left join
        Status s2_0 
            on s2_0.id=e1_1.status_id 
    where
        e1_0.skill_id=?
Hibernate: 
    select
        e1_0.skill_id,
        e1_1.id,
        e1_1.duration_turns,
        e1_1.effect_level,
        e1_1.max_flat_power,
        e1_1.min_flat_power,
        e1_1.probability,
        e1_1.stat_multiplier,
        s1_0.id,
        s1_0.name,
        s2_0.id,
        s2_0.description,
        s2_0.max_level,
        s2_0.name,
        s2_0.scaling_formula 
    from
        SkillEffect e1_0 
    join
        Effect e1_1 
            on e1_1.id=e1_0.effect_id 
    left join
        Statistic s1_0 
            on s1_0.id=e1_1.stat_id 
    left join
        Status s2_0 
            on s2_0.id=e1_1.status_id 
    where
        e1_0.skill_id=?
2026-05-22T18:17:56.460+02:00 DEBUG 14800 --- [demo] [nio-8080-exec-9] org.hibernate.SQL                        : 
    select
        e1_0.skill_id,
        e1_1.id,
        e1_1.duration_turns,
        e1_1.effect_level,
        e1_1.max_flat_power,
        e1_1.min_flat_power,
        e1_1.probability,
        e1_1.stat_multiplier,
        s1_0.id,
        s1_0.name,
        s2_0.id,
        s2_0.description,
        s2_0.max_level,
        s2_0.name,
        s2_0.scaling_formula 
    from
        SkillEffect e1_0 
    join
        Effect e1_1 
            on e1_1.id=e1_0.effect_id 
    left join
        Statistic s1_0 
            on s1_0.id=e1_1.stat_id 
    left join
        Status s2_0 
            on s2_0.id=e1_1.status_id 
    where
        e1_0.skill_id=?
Hibernate: 
    select
        e1_0.skill_id,
        e1_1.id,
        e1_1.duration_turns,
        e1_1.effect_level,
        e1_1.max_flat_power,
        e1_1.min_flat_power,
        e1_1.probability,
        e1_1.stat_multiplier,
        s1_0.id,
        s1_0.name,
        s2_0.id,
        s2_0.description,
        s2_0.max_level,
        s2_0.name,
        s2_0.scaling_formula 
    from
        SkillEffect e1_0 
    join
        Effect e1_1 
            on e1_1.id=e1_0.effect_id 
    left join
        Statistic s1_0 
            on s1_0.id=e1_1.stat_id 
    left join
        Status s2_0 
            on s2_0.id=e1_1.status_id 
    where
        e1_0.skill_id=?
2026-05-22T18:17:56.462+02:00 DEBUG 14800 --- [demo] [nio-8080-exec-9] org.hibernate.SQL                        : 
    select
        e1_0.skill_id,
        e1_1.id,
        e1_1.duration_turns,
        e1_1.effect_level,
        e1_1.max_flat_power,
        e1_1.min_flat_power,
        e1_1.probability,
        e1_1.stat_multiplier,
        s1_0.id,
        s1_0.name,
        s2_0.id,
        s2_0.description,
        s2_0.max_level,
        s2_0.name,
        s2_0.scaling_formula 
    from
        SkillEffect e1_0 
    join
        Effect e1_1 
            on e1_1.id=e1_0.effect_id 
    left join
        Statistic s1_0 
            on s1_0.id=e1_1.stat_id 
    left join
        Status s2_0 
            on s2_0.id=e1_1.status_id 
    where
        e1_0.skill_id=?
Hibernate: 
    select
        e1_0.skill_id,
        e1_1.id,
        e1_1.duration_turns,
        e1_1.effect_level,
        e1_1.max_flat_power,
        e1_1.min_flat_power,
        e1_1.probability,
        e1_1.stat_multiplier,
        s1_0.id,
        s1_0.name,
        s2_0.id,
        s2_0.description,
        s2_0.max_level,
        s2_0.name,
        s2_0.scaling_formula 
    from
        SkillEffect e1_0 
    join
        Effect e1_1 
            on e1_1.id=e1_0.effect_id 
    left join
        Statistic s1_0 
            on s1_0.id=e1_1.stat_id 
    left join
        Status s2_0 
            on s2_0.id=e1_1.status_id 
    where
        e1_0.skill_id=?
2026-05-22T18:17:56.464+02:00 DEBUG 14800 --- [demo] [nio-8080-exec-9] org.hibernate.SQL                        : 
    select
        s1_0.entity_id,
        s1_1.id,
        s1_1.accuracy,
        s1_1.description,
        s1_1.energy_cost,
        s1_1.hits,
        s1_1.image_thumb,
        s1_1.is_aoe,
        s1_1.is_passive,
        s1_1.name,
        s1_1.target_type 
    from
        EntitySkill s1_0 
    join
        Skill s1_1 
            on s1_1.id=s1_0.skill_id 
    where
        s1_0.entity_id=?
Hibernate: 
    select
        s1_0.entity_id,
        s1_1.id,
        s1_1.accuracy,
        s1_1.description,
        s1_1.energy_cost,
        s1_1.hits,
        s1_1.image_thumb,
        s1_1.is_aoe,
        s1_1.is_passive,
        s1_1.name,
        s1_1.target_type 
    from
        EntitySkill s1_0 
    join
        Skill s1_1 
            on s1_1.id=s1_0.skill_id 
    where
        s1_0.entity_id=?
2026-05-22T18:17:56.466+02:00 DEBUG 14800 --- [demo] [nio-8080-exec-9] org.hibernate.SQL                        : 
    select
        e1_0.skill_id,
        e1_1.id,
        e1_1.duration_turns,
        e1_1.effect_level,
        e1_1.max_flat_power,
        e1_1.min_flat_power,
        e1_1.probability,
        e1_1.stat_multiplier,
        s1_0.id,
        s1_0.name,
        s2_0.id,
        s2_0.description,
        s2_0.max_level,
        s2_0.name,
        s2_0.scaling_formula 
    from
        SkillEffect e1_0 
    join
        Effect e1_1 
            on e1_1.id=e1_0.effect_id 
    left join
        Statistic s1_0 
            on s1_0.id=e1_1.stat_id 
    left join
        Status s2_0 
            on s2_0.id=e1_1.status_id 
    where
        e1_0.skill_id=?
Hibernate: 
    select
        e1_0.skill_id,
        e1_1.id,
        e1_1.duration_turns,
        e1_1.effect_level,
        e1_1.max_flat_power,
        e1_1.min_flat_power,
        e1_1.probability,
        e1_1.stat_multiplier,
        s1_0.id,
        s1_0.name,
        s2_0.id,
        s2_0.description,
        s2_0.max_level,
        s2_0.name,
        s2_0.scaling_formula 
    from
        SkillEffect e1_0 
    join
        Effect e1_1 
            on e1_1.id=e1_0.effect_id 
    left join
        Statistic s1_0 
            on s1_0.id=e1_1.stat_id 
    left join
        Status s2_0 
            on s2_0.id=e1_1.status_id 
    where
        e1_0.skill_id=?
2026-05-22T18:17:56.468+02:00 DEBUG 14800 --- [demo] [nio-8080-exec-9] org.hibernate.SQL                        : 
    select
        e1_0.skill_id,
        e1_1.id,
        e1_1.duration_turns,
        e1_1.effect_level,
        e1_1.max_flat_power,
        e1_1.min_flat_power,
        e1_1.probability,
        e1_1.stat_multiplier,
        s1_0.id,
        s1_0.name,
        s2_0.id,
        s2_0.description,
        s2_0.max_level,
        s2_0.name,
        s2_0.scaling_formula 
    from
        SkillEffect e1_0 
    join
        Effect e1_1 
            on e1_1.id=e1_0.effect_id 
    left join
        Statistic s1_0 
            on s1_0.id=e1_1.stat_id 
    left join
        Status s2_0 
            on s2_0.id=e1_1.status_id 
    where
        e1_0.skill_id=?
Hibernate: 
    select
        e1_0.skill_id,
        e1_1.id,
        e1_1.duration_turns,
        e1_1.effect_level,
        e1_1.max_flat_power,
        e1_1.min_flat_power,
        e1_1.probability,
        e1_1.stat_multiplier,
        s1_0.id,
        s1_0.name,
        s2_0.id,
        s2_0.description,
        s2_0.max_level,
        s2_0.name,
        s2_0.scaling_formula 
    from
        SkillEffect e1_0 
    join
        Effect e1_1 
            on e1_1.id=e1_0.effect_id 
    left join
        Statistic s1_0 
            on s1_0.id=e1_1.stat_id 
    left join
        Status s2_0 
            on s2_0.id=e1_1.status_id 
    where
        e1_0.skill_id=?
2026-05-22T18:17:56.470+02:00 DEBUG 14800 --- [demo] [nio-8080-exec-9] org.hibernate.SQL                        : 
    select
        e1_0.skill_id,
        e1_1.id,
        e1_1.duration_turns,
        e1_1.effect_level,
        e1_1.max_flat_power,
        e1_1.min_flat_power,
        e1_1.probability,
        e1_1.stat_multiplier,
        s1_0.id,
        s1_0.name,
        s2_0.id,
        s2_0.description,
        s2_0.max_level,
        s2_0.name,
        s2_0.scaling_formula 
    from
        SkillEffect e1_0 
    join
        Effect e1_1 
            on e1_1.id=e1_0.effect_id 
    left join
        Statistic s1_0 
            on s1_0.id=e1_1.stat_id 
    left join
        Status s2_0 
            on s2_0.id=e1_1.status_id 
    where
        e1_0.skill_id=?
Hibernate: 
    select
        e1_0.skill_id,
        e1_1.id,
        e1_1.duration_turns,
        e1_1.effect_level,
        e1_1.max_flat_power,
        e1_1.min_flat_power,
        e1_1.probability,
        e1_1.stat_multiplier,
        s1_0.id,
        s1_0.name,
        s2_0.id,
        s2_0.description,
        s2_0.max_level,
        s2_0.name,
        s2_0.scaling_formula 
    from
        SkillEffect e1_0 
    join
        Effect e1_1 
            on e1_1.id=e1_0.effect_id 
    left join
        Statistic s1_0 
            on s1_0.id=e1_1.stat_id 
    left join
        Status s2_0 
            on s2_0.id=e1_1.status_id 
    where
        e1_0.skill_id=?
2026-05-22T18:17:56.473+02:00 DEBUG 14800 --- [demo] [nio-8080-exec-9] org.hibernate.SQL                        : 
    select
        e1_0.skill_id,
        e1_1.id,
        e1_1.duration_turns,
        e1_1.effect_level,
        e1_1.max_flat_power,
        e1_1.min_flat_power,
        e1_1.probability,
        e1_1.stat_multiplier,
        s1_0.id,
        s1_0.name,
        s2_0.id,
        s2_0.description,
        s2_0.max_level,
        s2_0.name,
        s2_0.scaling_formula 
    from
        SkillEffect e1_0 
    join
        Effect e1_1 
            on e1_1.id=e1_0.effect_id 
    left join
        Statistic s1_0 
            on s1_0.id=e1_1.stat_id 
    left join
        Status s2_0 
            on s2_0.id=e1_1.status_id 
    where
        e1_0.skill_id=?
Hibernate: 
    select
        e1_0.skill_id,
        e1_1.id,
        e1_1.duration_turns,
        e1_1.effect_level,
        e1_1.max_flat_power,
        e1_1.min_flat_power,
        e1_1.probability,
        e1_1.stat_multiplier,
        s1_0.id,
        s1_0.name,
        s2_0.id,
        s2_0.description,
        s2_0.max_level,
        s2_0.name,
        s2_0.scaling_formula 
    from
        SkillEffect e1_0 
    join
        Effect e1_1 
            on e1_1.id=e1_0.effect_id 
    left join
        Statistic s1_0 
            on s1_0.id=e1_1.stat_id 
    left join
        Status s2_0 
            on s2_0.id=e1_1.status_id 
    where
        e1_0.skill_id=?
2026-05-22T18:17:56.474+02:00 DEBUG 14800 --- [demo] [nio-8080-exec-9] org.hibernate.SQL                        : 
    select
        s1_0.entity_id,
        s1_1.id,
        s1_1.accuracy,
        s1_1.description,
        s1_1.energy_cost,
        s1_1.hits,
        s1_1.image_thumb,
        s1_1.is_aoe,
        s1_1.is_passive,
        s1_1.name,
        s1_1.target_type 
    from
        EntitySkill s1_0 
    join
        Skill s1_1 
            on s1_1.id=s1_0.skill_id 
    where
        s1_0.entity_id=?
Hibernate: 
    select
        s1_0.entity_id,
        s1_1.id,
        s1_1.accuracy,
        s1_1.description,
        s1_1.energy_cost,
        s1_1.hits,
        s1_1.image_thumb,
        s1_1.is_aoe,
        s1_1.is_passive,
        s1_1.name,
        s1_1.target_type 
    from
        EntitySkill s1_0 
    join
        Skill s1_1 
            on s1_1.id=s1_0.skill_id 
    where
        s1_0.entity_id=?
2026-05-22T18:17:56.478+02:00 DEBUG 14800 --- [demo] [nio-8080-exec-9] org.hibernate.SQL                        : 
    select
        e1_0.skill_id,
        e1_1.id,
        e1_1.duration_turns,
        e1_1.effect_level,
        e1_1.max_flat_power,
        e1_1.min_flat_power,
        e1_1.probability,
        e1_1.stat_multiplier,
        s1_0.id,
        s1_0.name,
        s2_0.id,
        s2_0.description,
        s2_0.max_level,
        s2_0.name,
        s2_0.scaling_formula 
    from
        SkillEffect e1_0 
    join
        Effect e1_1 
            on e1_1.id=e1_0.effect_id 
    left join
        Statistic s1_0 
            on s1_0.id=e1_1.stat_id 
    left join
        Status s2_0 
            on s2_0.id=e1_1.status_id 
    where
        e1_0.skill_id=?
Hibernate: 
    select
        e1_0.skill_id,
        e1_1.id,
        e1_1.duration_turns,
        e1_1.effect_level,
        e1_1.max_flat_power,
        e1_1.min_flat_power,
        e1_1.probability,
        e1_1.stat_multiplier,
        s1_0.id,
        s1_0.name,
        s2_0.id,
        s2_0.description,
        s2_0.max_level,
        s2_0.name,
        s2_0.scaling_formula 
    from
        SkillEffect e1_0 
    join
        Effect e1_1 
            on e1_1.id=e1_0.effect_id 
    left join
        Statistic s1_0 
            on s1_0.id=e1_1.stat_id 
    left join
        Status s2_0 
            on s2_0.id=e1_1.status_id 
    where
        e1_0.skill_id=?
2026-05-22T18:17:56.480+02:00 DEBUG 14800 --- [demo] [nio-8080-exec-9] org.hibernate.SQL                        : 
    select
        e1_0.skill_id,
        e1_1.id,
        e1_1.duration_turns,
        e1_1.effect_level,
        e1_1.max_flat_power,
        e1_1.min_flat_power,
        e1_1.probability,
        e1_1.stat_multiplier,
        s1_0.id,
        s1_0.name,
        s2_0.id,
        s2_0.description,
        s2_0.max_level,
        s2_0.name,
        s2_0.scaling_formula 
    from
        SkillEffect e1_0 
    join
        Effect e1_1 
            on e1_1.id=e1_0.effect_id 
    left join
        Statistic s1_0 
            on s1_0.id=e1_1.stat_id 
    left join
        Status s2_0 
            on s2_0.id=e1_1.status_id 
    where
        e1_0.skill_id=?
Hibernate: 
    select
        e1_0.skill_id,
        e1_1.id,
        e1_1.duration_turns,
        e1_1.effect_level,
        e1_1.max_flat_power,
        e1_1.min_flat_power,
        e1_1.probability,
        e1_1.stat_multiplier,
        s1_0.id,
        s1_0.name,
        s2_0.id,
        s2_0.description,
        s2_0.max_level,
        s2_0.name,
        s2_0.scaling_formula 
    from
        SkillEffect e1_0 
    join
        Effect e1_1 
            on e1_1.id=e1_0.effect_id 
    left join
        Statistic s1_0 
            on s1_0.id=e1_1.stat_id 
    left join
        Status s2_0 
            on s2_0.id=e1_1.status_id 
    where
        e1_0.skill_id=?
2026-05-22T18:17:56.483+02:00 DEBUG 14800 --- [demo] [nio-8080-exec-9] org.hibernate.SQL                        : 
    select
        e1_0.skill_id,
        e1_1.id,
        e1_1.duration_turns,
        e1_1.effect_level,
        e1_1.max_flat_power,
        e1_1.min_flat_power,
        e1_1.probability,
        e1_1.stat_multiplier,
        s1_0.id,
        s1_0.name,
        s2_0.id,
        s2_0.description,
        s2_0.max_level,
        s2_0.name,
        s2_0.scaling_formula 
    from
        SkillEffect e1_0 
    join
        Effect e1_1 
            on e1_1.id=e1_0.effect_id 
    left join
        Statistic s1_0 
            on s1_0.id=e1_1.stat_id 
    left join
        Status s2_0 
            on s2_0.id=e1_1.status_id 
    where
        e1_0.skill_id=?
Hibernate: 
    select
        e1_0.skill_id,
        e1_1.id,
        e1_1.duration_turns,
        e1_1.effect_level,
        e1_1.max_flat_power,
        e1_1.min_flat_power,
        e1_1.probability,
        e1_1.stat_multiplier,
        s1_0.id,
        s1_0.name,
        s2_0.id,
        s2_0.description,
        s2_0.max_level,
        s2_0.name,
        s2_0.scaling_formula 
    from
        SkillEffect e1_0 
    join
        Effect e1_1 
            on e1_1.id=e1_0.effect_id 
    left join
        Statistic s1_0 
            on s1_0.id=e1_1.stat_id 
    left join
        Status s2_0 
            on s2_0.id=e1_1.status_id 
    where
        e1_0.skill_id=?
2026-05-22T18:17:56.485+02:00 DEBUG 14800 --- [demo] [nio-8080-exec-9] org.hibernate.SQL                        : 
    select
        e1_0.skill_id,
        e1_1.id,
        e1_1.duration_turns,
        e1_1.effect_level,
        e1_1.max_flat_power,
        e1_1.min_flat_power,
        e1_1.probability,
        e1_1.stat_multiplier,
        s1_0.id,
        s1_0.name,
        s2_0.id,
        s2_0.description,
        s2_0.max_level,
        s2_0.name,
        s2_0.scaling_formula 
    from
        SkillEffect e1_0 
    join
        Effect e1_1 
            on e1_1.id=e1_0.effect_id 
    left join
        Statistic s1_0 
            on s1_0.id=e1_1.stat_id 
    left join
        Status s2_0 
            on s2_0.id=e1_1.status_id 
    where
        e1_0.skill_id=?
Hibernate: 
    select
        e1_0.skill_id,
        e1_1.id,
        e1_1.duration_turns,
        e1_1.effect_level,
        e1_1.max_flat_power,
        e1_1.min_flat_power,
        e1_1.probability,
        e1_1.stat_multiplier,
        s1_0.id,
        s1_0.name,
        s2_0.id,
        s2_0.description,
        s2_0.max_level,
        s2_0.name,
        s2_0.scaling_formula 
    from
        SkillEffect e1_0 
    join
        Effect e1_1 
            on e1_1.id=e1_0.effect_id 
    left join
        Statistic s1_0 
            on s1_0.id=e1_1.stat_id 
    left join
        Status s2_0 
            on s2_0.id=e1_1.status_id 
    where
        e1_0.skill_id=?
Nova partida creada: 9ca21d11-6790-4cac-a4f7-9b5aae58bd7a
The thread has been started.
TICK:PICK_PLAYERS
MESSAGE: Pick character:5
Missatge erroni, el jugador amb id :0 no existeix.
TICK:PICK_PLAYERS
MESSAGE: Pick character:3
